10/18/2022 11:28:34 PM - INFO: Starting Auto-Start Bot...
10/18/2022 11:28:34 PM - INFO: Token file not present. Beginning authorization process...
10/18/2022 11:31:56 PM - INFO: Starting Auto-Start Bot...
10/18/2022 11:31:56 PM - INFO: Token file not present. Beginning authorization process...
10/18/2022 11:33:52 PM - INFO: Starting Auto-Start Bot...
10/18/2022 11:33:52 PM - INFO: Token file not present. Beginning authorization process...
10/18/2022 11:34:44 PM - INFO: Getting access token...
10/18/2022 11:34:45 PM - INFO: Success!
10/18/2022 11:34:46 PM - ERROR: Could not get league information
10/18/2022 11:34:46 PM - ERROR: ---------DEBUG--------
10/18/2022 11:34:46 PM - ERROR: HTTP Code: 400
10/18/2022 11:34:46 PM - ERROR: HTTP Response: 
b'<?xml version="1.0" encoding="UTF-8"?>\n<error xml:lang="en-us" yahoo:uri="http://fantasysports.yahooapis.com/fantasy/v2/league/KEY_ID.l.20255/settings" xmlns:yahoo="http://www.yahooapis.com/v1/base.rng" xmlns="http://www.yahooapis.com/v1/base.rng">\n <description>Invalid game key provided - key_id</description>\n <detail/>\n</error>'
10/18/2022 11:34:46 PM - ERROR: -------END DEBUG------
10/18/2022 11:42:39 PM - INFO: Starting Auto-Start Bot...
10/18/2022 11:43:40 PM - INFO: Starting Auto-Start Bot...
10/19/2022 12:34:06 AM - INFO: Starting Auto-Start Bot...
10/19/2022 12:35:09 AM - INFO: Starting Auto-Start Bot...
10/19/2022 12:36:30 AM - INFO: Starting Auto-Start Bot...
10/19/2022 12:37:53 AM - INFO: Starting Auto-Start Bot...
10/19/2022 12:37:53 AM - INFO: Token Expired....renewing
10/19/2022 12:37:53 AM - INFO: Refreshing access token...
10/19/2022 12:37:54 AM - INFO: Success!
10/19/2022 12:43:21 AM - INFO: Starting Auto-Start Bot...
10/19/2022 12:43:42 AM - INFO: Done!
10/19/2022 12:44:29 AM - INFO: Starting Auto-Start Bot...
10/19/2022 12:44:52 AM - INFO: Looking at bench player Sam Bennett
10/19/2022 12:44:52 AM - INFO: Starting Sam Bennett over Anze Kopitar
10/19/2022 12:44:52 AM - INFO: Successfully started Sam Bennett and benched Anze Kopitar
10/19/2022 12:44:52 AM - INFO: Done!
10/19/2022 12:46:30 AM - INFO: Starting Auto-Start Bot...
10/19/2022 12:46:51 AM - INFO: Looking at bench player Mark Scheifele
10/19/2022 12:46:51 AM - INFO: Starting Mark Scheifele over Connor McDavid
10/19/2022 12:46:51 AM - INFO: Successfully started Mark Scheifele and benched Connor McDavid
10/19/2022 12:46:51 AM - INFO: Looking at bench player Sam Bennett
10/19/2022 12:46:51 AM - INFO: Starting Sam Bennett over Anze Kopitar
10/19/2022 12:46:52 AM - INFO: Successfully started Sam Bennett and benched Anze Kopitar
10/19/2022 12:46:52 AM - INFO: Looking at bench player Jared McCann
10/19/2022 12:46:52 AM - INFO: Starting Jared McCann over Trevor Moore
10/19/2022 12:46:53 AM - INFO: Successfully started Jared McCann and benched Trevor Moore
10/19/2022 12:46:53 AM - INFO: Done!
10/19/2022 12:48:09 AM - INFO: Starting Auto-Start Bot...
10/19/2022 12:48:31 AM - INFO: Looking at bench player Jared McCann
10/19/2022 12:48:31 AM - INFO: Starting Jared McCann over Connor McDavid
10/19/2022 12:48:31 AM - INFO: Successfully started Jared McCann and benched Connor McDavid
10/19/2022 12:48:31 AM - INFO: Done!
